[2025-10-23 16:24:01] [WARN] 后端API端口 3001 未被监听
[2025-10-23 16:24:01] [ERROR] 后端API服务异常，尝试重启...
[2025-10-23 16:24:01] [INFO] 正在启动后端API服务...
[2025-10-23 16:24:04] [ERROR] 后端API服务启动失败，请检查日志: /home/chenbang/app/netease/api-enhanced/api-3001.log
[2025-10-23 16:24:04] [ERROR] 后端API服务重启失败
[2025-10-23 16:24:04] [INFO] 检查前端Vite服务状态...
[2025-10-23 16:24:05] [WARN] 前端Vite端口 6944 未被监听
[2025-10-23 16:24:05] [ERROR] 前端Vite服务异常，尝试重启...
[2025-10-23 16:24:05] [INFO] 正在启动前端Vite服务...
[2025-10-23 16:24:10] [ERROR] 前端Vite服务启动失败，请检查日志: /home/chenbang/app/netease/SPlayer/vite-simple.log
[2025-10-23 16:24:10] [ERROR] 前端Vite服务重启失败
[2025-10-23 16:24:10] [WARN] ⚠️  部分服务存在问题
[2025-10-23 16:24:10] [INFO] ========== 监控周期结束 ==========\n
[2025-10-23 16:27:01] [INFO] ========== 开始服务监控 ==========
[2025-10-23 16:27:01] [INFO] 检查后端API服务状态...
[2025-10-23 16:27:01] [WARN] 后端API端口 3001 未被监听
[2025-10-23 16:27:01] [ERROR] 后端API服务异常，尝试重启...
[2025-10-23 16:27:01] [INFO] 正在启动后端API服务...
[2025-10-23 16:27:05] [ERROR] 后端API服务启动失败，请检查日志: /home/chenbang/app/netease/api-enhanced/api-3001.log
[2025-10-23 16:27:05] [ERROR] 后端API服务重启失败
[2025-10-23 16:27:05] [INFO] 检查前端Vite服务状态...
[2025-10-23 16:27:05] [WARN] 前端Vite端口 6944 未被监听
[2025-10-23 16:27:05] [ERROR] 前端Vite服务异常，尝试重启...
[2025-10-23 16:27:05] [INFO] 正在启动前端Vite服务...
[2025-10-23 16:27:10] [ERROR] 前端Vite服务启动失败，请检查日志: /home/chenbang/app/netease/SPlayer/vite-simple.log
[2025-10-23 16:27:10] [ERROR] 前端Vite服务重启失败
[2025-10-23 16:27:10] [WARN] ⚠️  部分服务存在问题
[2025-10-23 16:27:10] [INFO] ========== 监控周期结束 ==========\n
[2025-10-23 16:30:01] [INFO] ========== 开始服务监控 ==========
[2025-10-23 16:30:01] [INFO] 检查后端API服务状态...
[2025-10-23 16:30:01] [WARN] 后端API端口 3001 未被监听
[2025-10-23 16:30:02] [ERROR] 后端API服务异常，尝试重启...
[2025-10-23 16:30:02] [INFO] 正在启动后端API服务...
[2025-10-23 16:30:05] [ERROR] 后端API服务启动失败，请检查日志: /home/chenbang/app/netease/api-enhanced/api-3001.log
[2025-10-23 16:30:05] [ERROR] 后端API服务重启失败
[2025-10-23 16:30:05] [INFO] 检查前端Vite服务状态...
[2025-10-23 16:30:05] [WARN] 前端Vite端口 6944 未被监听
[2025-10-23 16:30:05] [ERROR] 前端Vite服务异常，尝试重启...
[2025-10-23 16:30:05] [INFO] 正在启动前端Vite服务...
[2025-10-23 16:30:10] [ERROR] 前端Vite服务启动失败，请检查日志: /home/chenbang/app/netease/SPlayer/vite-simple.log
[2025-10-23 16:30:10] [ERROR] 前端Vite服务重启失败
[2025-10-23 16:30:10] [WARN] ⚠️  部分服务存在问题
[2025-10-23 16:30:10] [INFO] ========== 监控周期结束 ==========\n
[2025-10-23 16:33:01] [INFO] ========== 开始服务监控 ==========
[2025-10-23 16:33:01] [INFO] 检查后端API服务状态...
[2025-10-23 16:33:02] [WARN] 后端API端口 3001 未被监听
[2025-10-23 16:33:02] [ERROR] 后端API服务异常，尝试重启...
[2025-10-23 16:33:02] [INFO] 正在启动后端API服务...
[2025-10-23 16:33:05] [ERROR] 后端API服务启动失败，请检查日志: /home/chenbang/app/netease/api-enhanced/api-3001.log
[2025-10-23 16:33:05] [ERROR] 后端API服务重启失败
[2025-10-23 16:33:05] [INFO] 检查前端Vite服务状态...
[2025-10-23 16:33:05] [WARN] 前端Vite端口 6944 未被监听
[2025-10-23 16:33:05] [ERROR] 前端Vite服务异常，尝试重启...
[2025-10-23 16:33:05] [INFO] 正在启动前端Vite服务...
[2025-10-23 16:33:11] [ERROR] 前端Vite服务启动失败，请检查日志: /home/chenbang/app/netease/SPlayer/vite-simple.log
[2025-10-23 16:33:11] [ERROR] 前端Vite服务重启失败
[2025-10-23 16:33:11] [WARN] ⚠️  部分服务存在问题
[2025-10-23 16:33:11] [INFO] ========== 监控周期结束 ==========\n
[2025-10-23 16:36:01] [INFO] ========== 开始服务监控 ==========
[2025-10-23 16:36:01] [INFO] 检查后端API服务状态...
[2025-10-23 16:36:01] [WARN] 后端API端口 3001 未被监听
[2025-10-23 16:36:01] [ERROR] 后端API服务异常，尝试重启...
[2025-10-23 16:36:01] [INFO] 正在启动后端API服务...
[2025-10-23 16:36:04] [ERROR] 后端API服务启动失败，请检查日志: /home/chenbang/app/netease/api-enhanced/api-3001.log
[2025-10-23 16:36:04] [ERROR] 后端API服务重启失败
[2025-10-23 16:36:04] [INFO] 检查前端Vite服务状态...
[2025-10-23 16:36:05] [WARN] 前端Vite端口 6944 未被监听
[2025-10-23 16:36:05] [ERROR] 前端Vite服务异常，尝试重启...
[2025-10-23 16:36:05] [INFO] 正在启动前端Vite服务...
[2025-10-23 16:36:10] [ERROR] 前端Vite服务启动失败，请检查日志: /home/chenbang/app/netease/SPlayer/vite-simple.log
[2025-10-23 16:36:10] [ERROR] 前端Vite服务重启失败
[2025-10-23 16:36:10] [WARN] ⚠️  部分服务存在问题
[2025-10-23 16:36:10] [INFO] ========== 监控周期结束 ==========\n
[2025-10-23 16:39:01] [INFO] ========== 开始服务监控 ==========
[2025-10-23 16:39:01] [INFO] 检查后端API服务状态...
[2025-10-23 16:39:01] [WARN] 后端API端口 3001 未被监听
[2025-10-23 16:39:01] [ERROR] 后端API服务异常，尝试重启...
[2025-10-23 16:39:01] [INFO] 正在启动后端API服务...
[2025-10-23 16:39:04] [ERROR] 后端API服务启动失败，请检查日志: /home/chenbang/app/netease/api-enhanced/api-3001.log
[2025-10-23 16:39:04] [ERROR] 后端API服务重启失败
[2025-10-23 16:39:04] [INFO] 检查前端Vite服务状态...
[2025-10-23 16:39:05] [WARN] 前端Vite端口 6944 未被监听
[2025-10-23 16:39:05] [ERROR] 前端Vite服务异常，尝试重启...
[2025-10-23 16:39:05] [INFO] 正在启动前端Vite服务...
[2025-10-23 16:39:10] [ERROR] 前端Vite服务启动失败，请检查日志: /home/chenbang/app/netease/SPlayer/vite-simple.log
[2025-10-23 16:39:10] [ERROR] 前端Vite服务重启失败
[2025-10-23 16:39:10] [WARN] ⚠️  部分服务存在问题
[2025-10-23 16:39:10] [INFO] ========== 监控周期结束 ==========\n
[2025-10-23 16:42:01] [INFO] ========== 开始服务监控 ==========
[2025-10-23 16:42:01] [INFO] 检查后端API服务状态...
[2025-10-23 16:42:01] [WARN] 后端API端口 3001 未被监听
[2025-10-23 16:42:01] [ERROR] 后端API服务异常，尝试重启...
[2025-10-23 16:42:01] [INFO] 正在启动后端API服务...
[2025-10-23 16:42:05] [ERROR] 后端API服务启动失败，请检查日志: /home/chenbang/app/netease/api-enhanced/api-3001.log
[2025-10-23 16:42:05] [ERROR] 后端API服务重启失败
[2025-10-23 16:42:05] [INFO] 检查前端Vite服务状态...
[2025-10-23 16:42:05] [WARN] 前端Vite端口 6944 未被监听
[2025-10-23 16:42:05] [ERROR] 前端Vite服务异常，尝试重启...
[2025-10-23 16:42:05] [INFO] 正在启动前端Vite服务...
[2025-10-23 16:42:10] [ERROR] 前端Vite服务启动失败，请检查日志: /home/chenbang/app/netease/SPlayer/vite-simple.log
[2025-10-23 16:42:10] [ERROR] 前端Vite服务重启失败
[2025-10-23 16:42:10] [WARN] ⚠️  部分服务存在问题
[2025-10-23 16:42:10] [INFO] ========== 监控周期结束 ==========\n
[2025-10-23 16:45:01] [INFO] ========== 开始服务监控 ==========
[2025-10-23 16:45:01] [INFO] 检查后端API服务状态...
[2025-10-23 16:45:02] [WARN] 后端API端口 3001 未被监听
[2025-10-23 16:45:02] [ERROR] 后端API服务异常，尝试重启...
[2025-10-23 16:45:02] [INFO] 正在启动后端API服务...
[2025-10-23 16:45:05] [ERROR] 后端API服务启动失败，请检查日志: /home/chenbang/app/netease/api-enhanced/api-3001.log
[2025-10-23 16:45:05] [ERROR] 后端API服务重启失败
[2025-10-23 16:45:05] [INFO] 检查前端Vite服务状态...
[2025-10-23 16:45:05] [WARN] 前端Vite端口 6944 未被监听
[2025-10-23 16:45:05] [ERROR] 前端Vite服务异常，尝试重启...
[2025-10-23 16:45:05] [INFO] 正在启动前端Vite服务...
[2025-10-23 16:45:10] [ERROR] 前端Vite服务启动失败，请检查日志: /home/chenbang/app/netease/SPlayer/vite-simple.log
[2025-10-23 16:45:11] [ERROR] 前端Vite服务重启失败
[2025-10-23 16:45:11] [WARN] ⚠️  部分服务存在问题
[2025-10-23 16:45:11] [INFO] ========== 监控周期结束 ==========\n
[2025-10-23 16:48:01] [INFO] ========== 开始服务监控 ==========
[2025-10-23 16:48:01] [INFO] 检查后端API服务状态...
[2025-10-23 16:48:01] [WARN] 后端API端口 3001 未被监听
[2025-10-23 16:48:01] [ERROR] 后端API服务异常，尝试重启...
[2025-10-23 16:48:01] [INFO] 正在启动后端API服务...
[2025-10-23 16:48:04] [ERROR] 后端API服务启动失败，请检查日志: /home/chenbang/app/netease/api-enhanced/api-3001.log
[2025-10-23 16:48:04] [ERROR] 后端API服务重启失败
[2025-10-23 16:48:04] [INFO] 检查前端Vite服务状态...
[2025-10-23 16:48:04] [WARN] 前端Vite端口 6944 未被监听
[2025-10-23 16:48:04] [ERROR] 前端Vite服务异常，尝试重启...
[2025-10-23 16:48:04] [INFO] 正在启动前端Vite服务...
[2025-10-23 16:48:10] [ERROR] 前端Vite服务启动失败，请检查日志: /home/chenbang/app/netease/SPlayer/vite-simple.log
[2025-10-23 16:48:10] [ERROR] 前端Vite服务重启失败
[2025-10-23 16:48:10] [WARN] ⚠️  部分服务存在问题
[2025-10-23 16:48:10] [INFO] ========== 监控周期结束 ==========\n
[2025-10-23 16:51:01] [INFO] ========== 开始服务监控 ==========
[2025-10-23 16:51:01] [INFO] 检查后端API服务状态...
[2025-10-23 16:51:01] [WARN] 后端API端口 3001 未被监听
[2025-10-23 16:51:01] [ERROR] 后端API服务异常，尝试重启...
[2025-10-23 16:51:01] [INFO] 正在启动后端API服务...
[2025-10-23 16:51:04] [ERROR] 后端API服务启动失败，请检查日志: /home/chenbang/app/netease/api-enhanced/api-3001.log
[2025-10-23 16:51:04] [ERROR] 后端API服务重启失败
[2025-10-23 16:51:04] [INFO] 检查前端Vite服务状态...
[2025-10-23 16:51:05] [WARN] 前端Vite端口 6944 未被监听
[2025-10-23 16:51:05] [ERROR] 前端Vite服务异常，尝试重启...
[2025-10-23 16:51:05] [INFO] 正在启动前端Vite服务...
[2025-10-23 16:51:10] [ERROR] 前端Vite服务启动失败，请检查日志: /home/chenbang/app/netease/SPlayer/vite-simple.log
[2025-10-23 16:51:10] [ERROR] 前端Vite服务重启失败
[2025-10-23 16:51:10] [WARN] ⚠️  部分服务存在问题
[2025-10-23 16:51:10] [INFO] ========== 监控周期结束 ==========\n
[2025-10-23 16:54:01] [INFO] ========== 开始服务监控 ==========
[2025-10-23 16:54:01] [INFO] 检查后端API服务状态...
[2025-10-23 16:54:01] [WARN] 后端API端口 3001 未被监听
[2025-10-23 16:54:01] [ERROR] 后端API服务异常，尝试重启...
[2025-10-23 16:54:01] [INFO] 正在启动后端API服务...
[2025-10-23 16:54:05] [ERROR] 后端API服务启动失败，请检查日志: /home/chenbang/app/netease/api-enhanced/api-3001.log
[2025-10-23 16:54:05] [ERROR] 后端API服务重启失败
[2025-10-23 16:54:05] [INFO] 检查前端Vite服务状态...
[2025-10-23 16:54:05] [WARN] 前端Vite端口 6944 未被监听
[2025-10-23 16:54:05] [ERROR] 前端Vite服务异常，尝试重启...
[2025-10-23 16:54:05] [INFO] 正在启动前端Vite服务...
[2025-10-23 16:54:10] [ERROR] 前端Vite服务启动失败，请检查日志: /home/chenbang/app/netease/SPlayer/vite-simple.log
[2025-10-23 16:54:10] [ERROR] 前端Vite服务重启失败
[2025-10-23 16:54:10] [WARN] ⚠️  部分服务存在问题
[2025-10-23 16:54:10] [INFO] ========== 监控周期结束 ==========\n
[2025-10-23 16:57:01] [INFO] ========== 开始服务监控 ==========
[2025-10-23 16:57:01] [INFO] 检查后端API服务状态...
[2025-10-23 16:57:02] [WARN] 后端API端口 3001 未被监听
[2025-10-23 16:57:02] [ERROR] 后端API服务异常，尝试重启...
[2025-10-23 16:57:02] [INFO] 正在启动后端API服务...
[2025-10-23 16:57:05] [ERROR] 后端API服务启动失败，请检查日志: /home/chenbang/app/netease/api-enhanced/api-3001.log
[2025-10-23 16:57:05] [ERROR] 后端API服务重启失败
[2025-10-23 16:57:05] [INFO] 检查前端Vite服务状态...
[2025-10-23 16:57:05] [WARN] 前端Vite端口 6944 未被监听
[2025-10-23 16:57:05] [ERROR] 前端Vite服务异常，尝试重启...
[2025-10-23 16:57:05] [INFO] 正在启动前端Vite服务...
[2025-10-23 16:57:10] [ERROR] 前端Vite服务启动失败，请检查日志: /home/chenbang/app/netease/SPlayer/vite-simple.log
[2025-10-23 16:57:10] [ERROR] 前端Vite服务重启失败
[2025-10-23 16:57:10] [WARN] ⚠️  部分服务存在问题
[2025-10-23 16:57:10] [INFO] ========== 监控周期结束 ==========\n
[2025-10-23 17:00:01] [INFO] ========== 开始服务监控 ==========
[2025-10-23 17:00:02] [INFO] 检查后端API服务状态...
[2025-10-23 17:00:02] [WARN] 后端API端口 3001 未被监听
[2025-10-23 17:00:02] [ERROR] 后端API服务异常，尝试重启...
[2025-10-23 17:00:02] [INFO] 正在启动后端API服务...
[2025-10-23 17:00:05] [ERROR] 后端API服务启动失败，请检查日志: /home/chenbang/app/netease/api-enhanced/api-3001.log
[2025-10-23 17:00:05] [ERROR] 后端API服务重启失败
[2025-10-23 17:00:05] [INFO] 检查前端Vite服务状态...
[2025-10-23 17:00:05] [WARN] 前端Vite端口 6944 未被监听
[2025-10-23 17:00:05] [ERROR] 前端Vite服务异常，尝试重启...
[2025-10-23 17:00:05] [INFO] 正在启动前端Vite服务...
[2025-10-23 17:00:11] [ERROR] 前端Vite服务启动失败，请检查日志: /home/chenbang/app/netease/SPlayer/vite-simple.log
[2025-10-23 17:00:11] [ERROR] 前端Vite服务重启失败
[2025-10-23 17:00:11] [WARN] ⚠️  部分服务存在问题
[2025-10-23 17:00:11] [INFO] ========== 监控周期结束 ==========\n
[2025-10-23 17:03:01] [INFO] ========== 开始服务监控 ==========
[2025-10-23 17:03:01] [INFO] 检查后端API服务状态...
[2025-10-23 17:03:01] [WARN] 后端API端口 3001 未被监听
[2025-10-23 17:03:01] [ERROR] 后端API服务异常，尝试重启...
[2025-10-23 17:03:01] [INFO] 正在启动后端API服务...
[2025-10-23 17:03:04] [ERROR] 后端API服务启动失败，请检查日志: /home/chenbang/app/netease/api-enhanced/api-3001.log
[2025-10-23 17:03:04] [ERROR] 后端API服务重启失败
[2025-10-23 17:03:04] [INFO] 检查前端Vite服务状态...
[2025-10-23 17:03:04] [WARN] 前端Vite端口 6944 未被监听
[2025-10-23 17:03:04] [ERROR] 前端Vite服务异常，尝试重启...
[2025-10-23 17:03:04] [INFO] 正在启动前端Vite服务...
[2025-10-23 17:03:10] [ERROR] 前端Vite服务启动失败，请检查日志: /home/chenbang/app/netease/SPlayer/vite-simple.log
[2025-10-23 17:03:10] [ERROR] 前端Vite服务重启失败
[2025-10-23 17:03:10] [WARN] ⚠️  部分服务存在问题
[2025-10-23 17:03:10] [INFO] ========== 监控周期结束 ==========\n
[2025-10-23 17:06:01] [INFO] ========== 开始服务监控 ==========
[2025-10-23 17:06:01] [INFO] 检查后端API服务状态...
[2025-10-23 17:06:01] [WARN] 后端API端口 3001 未被监听
[2025-10-23 17:06:01] [ERROR] 后端API服务异常，尝试重启...
[2025-10-23 17:06:01] [INFO] 正在启动后端API服务...
[2025-10-23 17:06:04] [ERROR] 后端API服务启动失败，请检查日志: /home/chenbang/app/netease/api-enhanced/api-3001.log
[2025-10-23 17:06:04] [ERROR] 后端API服务重启失败
[2025-10-23 17:06:04] [INFO] 检查前端Vite服务状态...
[2025-10-23 17:06:05] [WARN] 前端Vite端口 6944 未被监听
[2025-10-23 17:06:05] [ERROR] 前端Vite服务异常，尝试重启...
[2025-10-23 17:06:05] [INFO] 正在启动前端Vite服务...
[2025-10-23 17:06:10] [ERROR] 前端Vite服务启动失败，请检查日志: /home/chenbang/app/netease/SPlayer/vite-simple.log
[2025-10-23 17:06:10] [ERROR] 前端Vite服务重启失败
[2025-10-23 17:06:10] [WARN] ⚠️  部分服务存在问题
[2025-10-23 17:06:10] [INFO] ========== 监控周期结束 ==========\n
[2025-10-23 17:09:01] [INFO] ========== 开始服务监控 ==========
[2025-10-23 17:09:01] [INFO] 检查后端API服务状态...
[2025-10-23 17:09:01] [WARN] 后端API端口 3001 未被监听
[2025-10-23 17:09:01] [ERROR] 后端API服务异常，尝试重启...
[2025-10-23 17:09:01] [INFO] 正在启动后端API服务...
[2025-10-23 17:09:05] [ERROR] 后端API服务启动失败，请检查日志: /home/chenbang/app/netease/api-enhanced/api-3001.log
[2025-10-23 17:09:05] [ERROR] 后端API服务重启失败
[2025-10-23 17:09:05] [INFO] 检查前端Vite服务状态...
[2025-10-23 17:09:05] [WARN] 前端Vite端口 6944 未被监听
[2025-10-23 17:09:05] [ERROR] 前端Vite服务异常，尝试重启...
[2025-10-23 17:09:05] [INFO] 正在启动前端Vite服务...
[2025-10-23 17:09:10] [ERROR] 前端Vite服务启动失败，请检查日志: /home/chenbang/app/netease/SPlayer/vite-simple.log
[2025-10-23 17:09:10] [ERROR] 前端Vite服务重启失败
[2025-10-23 17:09:10] [WARN] ⚠️  部分服务存在问题
[2025-10-23 17:09:10] [INFO] ========== 监控周期结束 ==========\n
[2025-10-23 17:12:01] [INFO] ========== 开始服务监控 ==========
[2025-10-23 17:12:01] [INFO] 检查后端API服务状态...
[2025-10-23 17:12:02] [WARN] 后端API端口 3001 未被监听
[2025-10-23 17:12:02] [ERROR] 后端API服务异常，尝试重启...
[2025-10-23 17:12:02] [INFO] 正在启动后端API服务...
[2025-10-23 17:12:05] [ERROR] 后端API服务启动失败，请检查日志: /home/chenbang/app/netease/api-enhanced/api-3001.log
[2025-10-23 17:12:05] [ERROR] 后端API服务重启失败
[2025-10-23 17:12:05] [INFO] 检查前端Vite服务状态...
[2025-10-23 17:12:05] [WARN] 前端Vite端口 6944 未被监听
[2025-10-23 17:12:05] [ERROR] 前端Vite服务异常，尝试重启...
[2025-10-23 17:12:05] [INFO] 正在启动前端Vite服务...
[2025-10-23 17:12:10] [ERROR] 前端Vite服务启动失败，请检查日志: /home/chenbang/app/netease/SPlayer/vite-simple.log
[2025-10-23 17:12:10] [ERROR] 前端Vite服务重启失败
[2025-10-23 17:12:10] [WARN] ⚠️  部分服务存在问题
[2025-10-23 17:12:10] [INFO] ========== 监控周期结束 ==========\n
[2025-10-23 17:15:02] [INFO] ========== 开始服务监控 ==========
[2025-10-23 17:15:02] [INFO] 检查后端API服务状态...
[2025-10-23 17:15:02] [WARN] 后端API端口 3001 未被监听
[2025-10-23 17:15:02] [ERROR] 后端API服务异常，尝试重启...
[2025-10-23 17:15:02] [INFO] 正在启动后端API服务...
[2025-10-23 17:15:05] [ERROR] 后端API服务启动失败，请检查日志: /home/chenbang/app/netease/api-enhanced/api-3001.log
[2025-10-23 17:15:05] [ERROR] 后端API服务重启失败
[2025-10-23 17:15:05] [INFO] 检查前端Vite服务状态...
[2025-10-23 17:15:05] [WARN] 前端Vite端口 6944 未被监听
[2025-10-23 17:15:05] [ERROR] 前端Vite服务异常，尝试重启...
[2025-10-23 17:15:05] [INFO] 正在启动前端Vite服务...
[2025-10-23 17:15:11] [ERROR] 前端Vite服务启动失败，请检查日志: /home/chenbang/app/netease/SPlayer/vite-simple.log
[2025-10-23 17:15:11] [ERROR] 前端Vite服务重启失败
[2025-10-23 17:15:11] [WARN] ⚠️  部分服务存在问题
[2025-10-23 17:15:11] [INFO] ========== 监控周期结束 ==========\n
[2025-10-23 17:18:01] [INFO] ========== 开始服务监控 ==========
[2025-10-23 17:18:01] [INFO] 检查后端API服务状态...
[2025-10-23 17:18:01] [WARN] 后端API端口 3001 未被监听
[2025-10-23 17:18:01] [ERROR] 后端API服务异常，尝试重启...
[2025-10-23 17:18:01] [INFO] 正在启动后端API服务...
[2025-10-23 17:18:05] [ERROR] 后端API服务启动失败，请检查日志: /home/chenbang/app/netease/api-enhanced/api-3001.log
[2025-10-23 17:18:05] [ERROR] 后端API服务重启失败
[2025-10-23 17:18:05] [INFO] 检查前端Vite服务状态...
[2025-10-23 17:18:05] [WARN] 前端Vite端口 6944 未被监听
[2025-10-23 17:18:05] [ERROR] 前端Vite服务异常，尝试重启...
[2025-10-23 17:18:05] [INFO] 正在启动前端Vite服务...
[2025-10-23 17:18:10] [ERROR] 前端Vite服务启动失败，请检查日志: /home/chenbang/app/netease/SPlayer/vite-simple.log
[2025-10-23 17:18:10] [ERROR] 前端Vite服务重启失败
[2025-10-23 17:18:10] [WARN] ⚠️  部分服务存在问题
[2025-10-23 17:18:10] [INFO] ========== 监控周期结束 ==========\n
[2025-10-23 17:21:01] [INFO] ========== 开始服务监控 ==========
[2025-10-23 17:21:01] [INFO] 检查后端API服务状态...
[2025-10-23 17:21:01] [WARN] 后端API端口 3001 未被监听
[2025-10-23 17:21:01] [ERROR] 后端API服务异常，尝试重启...
[2025-10-23 17:21:01] [INFO] 正在启动后端API服务...
[2025-10-23 17:21:05] [ERROR] 后端API服务启动失败，请检查日志: /home/chenbang/app/netease/api-enhanced/api-3001.log
[2025-10-23 17:21:05] [ERROR] 后端API服务重启失败
[2025-10-23 17:21:05] [INFO] 检查前端Vite服务状态...
[2025-10-23 17:21:05] [WARN] 前端Vite端口 6944 未被监听
[2025-10-23 17:21:05] [ERROR] 前端Vite服务异常，尝试重启...
[2025-10-23 17:21:05] [INFO] 正在启动前端Vite服务...
[2025-10-23 17:21:10] [ERROR] 前端Vite服务启动失败，请检查日志: /home/chenbang/app/netease/SPlayer/vite-simple.log
[2025-10-23 17:21:10] [ERROR] 前端Vite服务重启失败
[2025-10-23 17:21:10] [WARN] ⚠️  部分服务存在问题
[2025-10-23 17:21:10] [INFO] ========== 监控周期结束 ==========\n
[2025-10-23 17:24:01] [INFO] ========== 开始服务监控 ==========
[2025-10-23 17:24:01] [INFO] 检查后端API服务状态...
[2025-10-23 17:24:01] [WARN] 后端API端口 3001 未被监听
[2025-10-23 17:24:01] [ERROR] 后端API服务异常，尝试重启...
[2025-10-23 17:24:01] [INFO] 正在启动后端API服务...
[2025-10-23 17:24:04] [ERROR] 后端API服务启动失败，请检查日志: /home/chenbang/app/netease/api-enhanced/api-3001.log
[2025-10-23 17:24:04] [ERROR] 后端API服务重启失败
[2025-10-23 17:24:04] [INFO] 检查前端Vite服务状态...
[2025-10-23 17:24:04] [WARN] 前端Vite端口 6944 未被监听
[2025-10-23 17:24:04] [ERROR] 前端Vite服务异常，尝试重启...
[2025-10-23 17:24:04] [INFO] 正在启动前端Vite服务...
[2025-10-23 17:24:10] [ERROR] 前端Vite服务启动失败，请检查日志: /home/chenbang/app/netease/SPlayer/vite-simple.log
[2025-10-23 17:24:10] [ERROR] 前端Vite服务重启失败
[2025-10-23 17:24:10] [WARN] ⚠️  部分服务存在问题
[2025-10-23 17:24:10] [INFO] ========== 监控周期结束 ==========\n
[2025-10-23 17:27:01] [INFO] ========== 开始服务监控 ==========
[2025-10-23 17:27:01] [INFO] 检查后端API服务状态...
[2025-10-23 17:27:01] [WARN] 后端API端口 3001 未被监听
[2025-10-23 17:27:01] [ERROR] 后端API服务异常，尝试重启...
[2025-10-23 17:27:01] [INFO] 正在启动后端API服务...
[2025-10-23 17:27:04] [ERROR] 后端API服务启动失败，请检查日志: /home/chenbang/app/netease/api-enhanced/api-3001.log
[2025-10-23 17:27:04] [ERROR] 后端API服务重启失败
[2025-10-23 17:27:04] [INFO] 检查前端Vite服务状态...
[2025-10-23 17:27:05] [WARN] 前端Vite端口 6944 未被监听
[2025-10-23 17:27:05] [ERROR] 前端Vite服务异常，尝试重启...
[2025-10-23 17:27:05] [INFO] 正在启动前端Vite服务...
[2025-10-23 17:27:10] [ERROR] 前端Vite服务启动失败，请检查日志: /home/chenbang/app/netease/SPlayer/vite-simple.log
[2025-10-23 17:27:10] [ERROR] 前端Vite服务重启失败
[2025-10-23 17:27:10] [WARN] ⚠️  部分服务存在问题
[2025-10-23 17:27:10] [INFO] ========== 监控周期结束 ==========\n
[2025-10-23 17:30:01] [INFO] ========== 开始服务监控 ==========
[2025-10-23 17:30:01] [INFO] 检查后端API服务状态...
[2025-10-23 17:30:01] [WARN] 后端API端口 3001 未被监听
[2025-10-23 17:30:01] [ERROR] 后端API服务异常，尝试重启...
[2025-10-23 17:30:01] [INFO] 正在启动后端API服务...
[2025-10-23 17:30:05] [ERROR] 后端API服务启动失败，请检查日志: /home/chenbang/app/netease/api-enhanced/api-3001.log
[2025-10-23 17:30:05] [ERROR] 后端API服务重启失败
[2025-10-23 17:30:05] [INFO] 检查前端Vite服务状态...
[2025-10-23 17:30:05] [WARN] 前端Vite端口 6944 未被监听
[2025-10-23 17:30:05] [ERROR] 前端Vite服务异常，尝试重启...
[2025-10-23 17:30:05] [INFO] 正在启动前端Vite服务...
[2025-10-23 17:30:10] [ERROR] 前端Vite服务启动失败，请检查日志: /home/chenbang/app/netease/SPlayer/vite-simple.log
[2025-10-23 17:30:10] [ERROR] 前端Vite服务重启失败
[2025-10-23 17:30:10] [WARN] ⚠️  部分服务存在问题
[2025-10-23 17:30:10] [INFO] ========== 监控周期结束 ==========\n
[2025-10-23 17:33:01] [INFO] ========== 开始服务监控 ==========
[2025-10-23 17:33:01] [INFO] 检查后端API服务状态...
[2025-10-23 17:33:02] [WARN] 后端API端口 3001 未被监听
[2025-10-23 17:33:02] [ERROR] 后端API服务异常，尝试重启...
[2025-10-23 17:33:02] [INFO] 正在启动后端API服务...
[2025-10-23 17:33:05] [ERROR] 后端API服务启动失败，请检查日志: /home/chenbang/app/netease/api-enhanced/api-3001.log
[2025-10-23 17:33:05] [ERROR] 后端API服务重启失败
[2025-10-23 17:33:05] [INFO] 检查前端Vite服务状态...
[2025-10-23 17:33:05] [WARN] 前端Vite端口 6944 未被监听
[2025-10-23 17:33:05] [ERROR] 前端Vite服务异常，尝试重启...
[2025-10-23 17:33:05] [INFO] 正在启动前端Vite服务...
[2025-10-23 17:33:10] [ERROR] 前端Vite服务启动失败，请检查日志: /home/chenbang/app/netease/SPlayer/vite-simple.log
[2025-10-23 17:33:10] [ERROR] 前端Vite服务重启失败
[2025-10-23 17:33:10] [WARN] ⚠️  部分服务存在问题
[2025-10-23 17:33:11] [INFO] ========== 监控周期结束 ==========\n
[2025-10-23 17:36:01] [INFO] ========== 开始服务监控 ==========
[2025-10-23 17:36:01] [INFO] 检查后端API服务状态...
[2025-10-23 17:36:01] [WARN] 后端API端口 3001 未被监听
[2025-10-23 17:36:01] [ERROR] 后端API服务异常，尝试重启...
[2025-10-23 17:36:01] [INFO] 正在启动后端API服务...
[2025-10-23 17:36:04] [ERROR] 后端API服务启动失败，请检查日志: /home/chenbang/app/netease/api-enhanced/api-3001.log
[2025-10-23 17:36:04] [ERROR] 后端API服务重启失败
[2025-10-23 17:36:04] [INFO] 检查前端Vite服务状态...
[2025-10-23 17:36:04] [WARN] 前端Vite端口 6944 未被监听
[2025-10-23 17:36:04] [ERROR] 前端Vite服务异常，尝试重启...
[2025-10-23 17:36:04] [INFO] 正在启动前端Vite服务...
[2025-10-23 17:36:10] [ERROR] 前端Vite服务启动失败，请检查日志: /home/chenbang/app/netease/SPlayer/vite-simple.log
[2025-10-23 17:36:10] [ERROR] 前端Vite服务重启失败
[2025-10-23 17:36:10] [WARN] ⚠️  部分服务存在问题
[2025-10-23 17:36:10] [INFO] ========== 监控周期结束 ==========\n
[2025-10-23 17:39:01] [INFO] ========== 开始服务监控 ==========
[2025-10-23 17:39:01] [INFO] 检查后端API服务状态...
[2025-10-23 17:39:01] [WARN] 后端API端口 3001 未被监听
[2025-10-23 17:39:01] [ERROR] 后端API服务异常，尝试重启...
[2025-10-23 17:39:01] [INFO] 正在启动后端API服务...
[2025-10-23 17:39:04] [ERROR] 后端API服务启动失败，请检查日志: /home/chenbang/app/netease/api-enhanced/api-3001.log
[2025-10-23 17:39:04] [ERROR] 后端API服务重启失败
[2025-10-23 17:39:04] [INFO] 检查前端Vite服务状态...
[2025-10-23 17:39:05] [WARN] 前端Vite端口 6944 未被监听
[2025-10-23 17:39:05] [ERROR] 前端Vite服务异常，尝试重启...
[2025-10-23 17:39:05] [INFO] 正在启动前端Vite服务...
[2025-10-23 17:39:10] [ERROR] 前端Vite服务启动失败，请检查日志: /home/chenbang/app/netease/SPlayer/vite-simple.log
[2025-10-23 17:39:10] [ERROR] 前端Vite服务重启失败
[2025-10-23 17:39:10] [WARN] ⚠️  部分服务存在问题
[2025-10-23 17:39:10] [INFO] ========== 监控周期结束 ==========\n
[2025-10-23 17:42:01] [INFO] ========== 开始服务监控 ==========
[2025-10-23 17:42:01] [INFO] 检查后端API服务状态...
[2025-10-23 17:42:01] [WARN] 后端API端口 3001 未被监听
[2025-10-23 17:42:01] [ERROR] 后端API服务异常，尝试重启...
[2025-10-23 17:42:01] [INFO] 正在启动后端API服务...
[2025-10-23 17:42:05] [ERROR] 后端API服务启动失败，请检查日志: /home/chenbang/app/netease/api-enhanced/api-3001.log
[2025-10-23 17:42:05] [ERROR] 后端API服务重启失败
[2025-10-23 17:42:05] [INFO] 检查前端Vite服务状态...
[2025-10-23 17:42:05] [WARN] 前端Vite端口 6944 未被监听
[2025-10-23 17:42:05] [ERROR] 前端Vite服务异常，尝试重启...
[2025-10-23 17:42:05] [INFO] 正在启动前端Vite服务...
[2025-10-23 17:42:10] [ERROR] 前端Vite服务启动失败，请检查日志: /home/chenbang/app/netease/SPlayer/vite-simple.log
[2025-10-23 17:42:10] [ERROR] 前端Vite服务重启失败
[2025-10-23 17:42:10] [WARN] ⚠️  部分服务存在问题
[2025-10-23 17:42:10] [INFO] ========== 监控周期结束 ==========\n
[2025-10-23 17:45:01] [INFO] ========== 开始服务监控 ==========
[2025-10-23 17:45:01] [INFO] 检查后端API服务状态...
[2025-10-23 17:45:02] [WARN] 后端API端口 3001 未被监听
[2025-10-23 17:45:02] [ERROR] 后端API服务异常，尝试重启...
[2025-10-23 17:45:02] [INFO] 正在启动后端API服务...
[2025-10-23 17:45:05] [ERROR] 后端API服务启动失败，请检查日志: /home/chenbang/app/netease/api-enhanced/api-3001.log
[2025-10-23 17:45:05] [ERROR] 后端API服务重启失败
[2025-10-23 17:45:05] [INFO] 检查前端Vite服务状态...
[2025-10-23 17:45:05] [WARN] 前端Vite端口 6944 未被监听
[2025-10-23 17:45:05] [ERROR] 前端Vite服务异常，尝试重启...
[2025-10-23 17:45:05] [INFO] 正在启动前端Vite服务...
[2025-10-23 17:45:10] [ERROR] 前端Vite服务启动失败，请检查日志: /home/chenbang/app/netease/SPlayer/vite-simple.log
[2025-10-23 17:45:10] [ERROR] 前端Vite服务重启失败
[2025-10-23 17:45:10] [WARN] ⚠️  部分服务存在问题
[2025-10-23 17:45:10] [INFO] ========== 监控周期结束 ==========\n
[2025-10-23 17:48:01] [INFO] ========== 开始服务监控 ==========
[2025-10-23 17:48:02] [INFO] 检查后端API服务状态...
[2025-10-23 17:48:02] [WARN] 后端API端口 3001 未被监听
[2025-10-23 17:48:02] [ERROR] 后端API服务异常，尝试重启...
[2025-10-23 17:48:02] [INFO] 正在启动后端API服务...
[2025-10-23 17:48:05] [ERROR] 后端API服务启动失败，请检查日志: /home/chenbang/app/netease/api-enhanced/api-3001.log
[2025-10-23 17:48:05] [ERROR] 后端API服务重启失败
[2025-10-23 17:48:05] [INFO] 检查前端Vite服务状态...
[2025-10-23 17:48:05] [WARN] 前端Vite端口 6944 未被监听
[2025-10-23 17:48:05] [ERROR] 前端Vite服务异常，尝试重启...
[2025-10-23 17:48:05] [INFO] 正在启动前端Vite服务...
[2025-10-23 17:48:11] [ERROR] 前端Vite服务启动失败，请检查日志: /home/chenbang/app/netease/SPlayer/vite-simple.log
[2025-10-23 17:48:11] [ERROR] 前端Vite服务重启失败
[2025-10-23 17:48:11] [WARN] ⚠️  部分服务存在问题
[2025-10-23 17:48:11] [INFO] ========== 监控周期结束 ==========\n
[2025-10-23 17:51:01] [INFO] ========== 开始服务监控 ==========
[2025-10-23 17:51:01] [INFO] 检查后端API服务状态...
[2025-10-23 17:51:01] [WARN] 后端API端口 3001 未被监听
[2025-10-23 17:51:01] [ERROR] 后端API服务异常，尝试重启...
[2025-10-23 17:51:01] [INFO] 正在启动后端API服务...
[2025-10-23 17:51:04] [ERROR] 后端API服务启动失败，请检查日志: /home/chenbang/app/netease/api-enhanced/api-3001.log
[2025-10-23 17:51:04] [ERROR] 后端API服务重启失败
[2025-10-23 17:51:04] [INFO] 检查前端Vite服务状态...
[2025-10-23 17:51:05] [WARN] 前端Vite端口 6944 未被监听
[2025-10-23 17:51:05] [ERROR] 前端Vite服务异常，尝试重启...
[2025-10-23 17:51:05] [INFO] 正在启动前端Vite服务...
[2025-10-23 17:51:10] [ERROR] 前端Vite服务启动失败，请检查日志: /home/chenbang/app/netease/SPlayer/vite-simple.log
[2025-10-23 17:51:10] [ERROR] 前端Vite服务重启失败
[2025-10-23 17:51:10] [WARN] ⚠️  部分服务存在问题
[2025-10-23 17:51:10] [INFO] ========== 监控周期结束 ==========\n
[2025-10-23 17:54:01] [INFO] ========== 开始服务监控 ==========
[2025-10-23 17:54:01] [INFO] 检查后端API服务状态...
[2025-10-23 17:54:01] [WARN] 后端API端口 3001 未被监听
[2025-10-23 17:54:01] [ERROR] 后端API服务异常，尝试重启...
[2025-10-23 17:54:01] [INFO] 正在启动后端API服务...
[2025-10-23 17:54:05] [ERROR] 后端API服务启动失败，请检查日志: /home/chenbang/app/netease/api-enhanced/api-3001.log
[2025-10-23 17:54:05] [ERROR] 后端API服务重启失败
[2025-10-23 17:54:05] [INFO] 检查前端Vite服务状态...
[2025-10-23 17:54:05] [WARN] 前端Vite端口 6944 未被监听
[2025-10-23 17:54:05] [ERROR] 前端Vite服务异常，尝试重启...
[2025-10-23 17:54:05] [INFO] 正在启动前端Vite服务...
[2025-10-23 17:54:10] [ERROR] 前端Vite服务启动失败，请检查日志: /home/chenbang/app/netease/SPlayer/vite-simple.log
[2025-10-23 17:54:10] [ERROR] 前端Vite服务重启失败
[2025-10-23 17:54:10] [WARN] ⚠️  部分服务存在问题
[2025-10-23 17:54:10] [INFO] ========== 监控周期结束 ==========\n
[2025-10-23 17:57:01] [INFO] ========== 开始服务监控 ==========
[2025-10-23 17:57:01] [INFO] 检查后端API服务状态...
[2025-10-23 17:57:01] [WARN] 后端API端口 3001 未被监听
[2025-10-23 17:57:01] [ERROR] 后端API服务异常，尝试重启...
[2025-10-23 17:57:01] [INFO] 正在启动后端API服务...
[2025-10-23 17:57:05] [ERROR] 后端API服务启动失败，请检查日志: /home/chenbang/app/netease/api-enhanced/api-3001.log
[2025-10-23 17:57:05] [ERROR] 后端API服务重启失败
[2025-10-23 17:57:05] [INFO] 检查前端Vite服务状态...
[2025-10-23 17:57:05] [WARN] 前端Vite端口 6944 未被监听
[2025-10-23 17:57:05] [ERROR] 前端Vite服务异常，尝试重启...
[2025-10-23 17:57:05] [INFO] 正在启动前端Vite服务...
[2025-10-23 17:57:10] [ERROR] 前端Vite服务启动失败，请检查日志: /home/chenbang/app/netease/SPlayer/vite-simple.log
[2025-10-23 17:57:10] [ERROR] 前端Vite服务重启失败
[2025-10-23 17:57:10] [WARN] ⚠️  部分服务存在问题
[2025-10-23 17:57:10] [INFO] ========== 监控周期结束 ==========\n
[2025-10-23 18:00:01] [INFO] ========== 开始服务监控 ==========
[2025-10-23 18:00:01] [INFO] 检查后端API服务状态...
[2025-10-23 18:00:02] [WARN] 后端API端口 3001 未被监听
[2025-10-23 18:00:02] [ERROR] 后端API服务异常，尝试重启...
[2025-10-23 18:00:02] [INFO] 正在启动后端API服务...
[2025-10-23 18:00:05] [ERROR] 后端API服务启动失败，请检查日志: /home/chenbang/app/netease/api-enhanced/api-3001.log
[2025-10-23 18:00:05] [ERROR] 后端API服务重启失败
[2025-10-23 18:00:05] [INFO] 检查前端Vite服务状态...
[2025-10-23 18:00:05] [WARN] 前端Vite端口 6944 未被监听
[2025-10-23 18:00:05] [ERROR] 前端Vite服务异常，尝试重启...
[2025-10-23 18:00:05] [INFO] 正在启动前端Vite服务...
[2025-10-23 18:00:11] [ERROR] 前端Vite服务启动失败，请检查日志: /home/chenbang/app/netease/SPlayer/vite-simple.log
[2025-10-23 18:00:11] [ERROR] 前端Vite服务重启失败
[2025-10-23 18:00:11] [WARN] ⚠️  部分服务存在问题
[2025-10-23 18:00:11] [INFO] ========== 监控周期结束 ==========\n
[2025-10-23 18:03:01] [INFO] ========== 开始服务监控 ==========
[2025-10-23 18:03:01] [INFO] 检查后端API服务状态...
[2025-10-23 18:03:01] [WARN] 后端API端口 3001 未被监听
[2025-10-23 18:03:01] [ERROR] 后端API服务异常，尝试重启...
[2025-10-23 18:03:01] [INFO] 正在启动后端API服务...
[2025-10-23 18:03:04] [ERROR] 后端API服务启动失败，请检查日志: /home/chenbang/app/netease/api-enhanced/api-3001.log
[2025-10-23 18:03:04] [ERROR] 后端API服务重启失败
[2025-10-23 18:03:04] [INFO] 检查前端Vite服务状态...
[2025-10-23 18:03:04] [WARN] 前端Vite端口 6944 未被监听
[2025-10-23 18:03:04] [ERROR] 前端Vite服务异常，尝试重启...
[2025-10-23 18:03:04] [INFO] 正在启动前端Vite服务...
[2025-10-23 18:03:10] [ERROR] 前端Vite服务启动失败，请检查日志: /home/chenbang/app/netease/SPlayer/vite-simple.log
[2025-10-23 18:03:10] [ERROR] 前端Vite服务重启失败
[2025-10-23 18:03:10] [WARN] ⚠️  部分服务存在问题
[2025-10-23 18:03:10] [INFO] ========== 监控周期结束 ==========\n
[2025-10-23 18:06:01] [INFO] ========== 开始服务监控 ==========
[2025-10-23 18:06:01] [INFO] 检查后端API服务状态...
[2025-10-23 18:06:01] [WARN] 后端API端口 3001 未被监听
[2025-10-23 18:06:01] [ERROR] 后端API服务异常，尝试重启...
[2025-10-23 18:06:01] [INFO] 正在启动后端API服务...
[2025-10-23 18:06:04] [ERROR] 后端API服务启动失败，请检查日志: /home/chenbang/app/netease/api-enhanced/api-3001.log
[2025-10-23 18:06:04] [ERROR] 后端API服务重启失败
[2025-10-23 18:06:04] [INFO] 检查前端Vite服务状态...
[2025-10-23 18:06:05] [WARN] 前端Vite端口 6944 未被监听
[2025-10-23 18:06:05] [ERROR] 前端Vite服务异常，尝试重启...
[2025-10-23 18:06:05] [INFO] 正在启动前端Vite服务...
[2025-10-23 18:06:10] [ERROR] 前端Vite服务启动失败，请检查日志: /home/chenbang/app/netease/SPlayer/vite-simple.log
[2025-10-23 18:06:10] [ERROR] 前端Vite服务重启失败
[2025-10-23 18:06:10] [WARN] ⚠️  部分服务存在问题
[2025-10-23 18:06:10] [INFO] ========== 监控周期结束 ==========\n
[2025-10-23 18:09:01] [INFO] ========== 开始服务监控 ==========
[2025-10-23 18:09:01] [INFO] 检查后端API服务状态...
[2025-10-23 18:09:01] [WARN] 后端API端口 3001 未被监听
[2025-10-23 18:09:01] [ERROR] 后端API服务异常，尝试重启...
[2025-10-23 18:09:01] [INFO] 正在启动后端API服务...
[2025-10-23 18:09:05] [ERROR] 后端API服务启动失败，请检查日志: /home/chenbang/app/netease/api-enhanced/api-3001.log
[2025-10-23 18:09:05] [ERROR] 后端API服务重启失败
[2025-10-23 18:09:05] [INFO] 检查前端Vite服务状态...
[2025-10-23 18:09:05] [WARN] 前端Vite端口 6944 未被监听
[2025-10-23 18:09:05] [ERROR] 前端Vite服务异常，尝试重启...
[2025-10-23 18:09:05] [INFO] 正在启动前端Vite服务...
[2025-10-23 18:09:10] [ERROR] 前端Vite服务启动失败，请检查日志: /home/chenbang/app/netease/SPlayer/vite-simple.log
[2025-10-23 18:09:10] [ERROR] 前端Vite服务重启失败
[2025-10-23 18:09:10] [WARN] ⚠️  部分服务存在问题
[2025-10-23 18:09:10] [INFO] ========== 监控周期结束 ==========\n
[2025-10-23 18:12:01] [INFO] ========== 开始服务监控 ==========
[2025-10-23 18:12:01] [INFO] 检查后端API服务状态...
[2025-10-23 18:12:02] [WARN] 后端API端口 3001 未被监听
[2025-10-23 18:12:02] [ERROR] 后端API服务异常，尝试重启...
[2025-10-23 18:12:02] [INFO] 正在启动后端API服务...
[2025-10-23 18:12:05] [ERROR] 后端API服务启动失败，请检查日志: /home/chenbang/app/netease/api-enhanced/api-3001.log
[2025-10-23 18:12:05] [ERROR] 后端API服务重启失败
[2025-10-23 18:12:05] [INFO] 检查前端Vite服务状态...
[2025-10-23 18:12:05] [WARN] 前端Vite端口 6944 未被监听
[2025-10-23 18:12:05] [ERROR] 前端Vite服务异常，尝试重启...
[2025-10-23 18:12:05] [INFO] 正在启动前端Vite服务...
[2025-10-23 18:12:10] [ERROR] 前端Vite服务启动失败，请检查日志: /home/chenbang/app/netease/SPlayer/vite-simple.log
[2025-10-23 18:12:10] [ERROR] 前端Vite服务重启失败
[2025-10-23 18:12:10] [WARN] ⚠️  部分服务存在问题
[2025-10-23 18:12:11] [INFO] ========== 监控周期结束 ==========\n
[2025-10-23 18:15:01] [INFO] ========== 开始服务监控 ==========
[2025-10-23 18:15:01] [INFO] 检查后端API服务状态...
[2025-10-23 18:15:01] [WARN] 后端API端口 3001 未被监听
[2025-10-23 18:15:01] [ERROR] 后端API服务异常，尝试重启...
[2025-10-23 18:15:01] [INFO] 正在启动后端API服务...
[2025-10-23 18:15:04] [ERROR] 后端API服务启动失败，请检查日志: /home/chenbang/app/netease/api-enhanced/api-3001.log
[2025-10-23 18:15:04] [ERROR] 后端API服务重启失败
[2025-10-23 18:15:04] [INFO] 检查前端Vite服务状态...
[2025-10-23 18:15:04] [WARN] 前端Vite端口 6944 未被监听
[2025-10-23 18:15:04] [ERROR] 前端Vite服务异常，尝试重启...
[2025-10-23 18:15:04] [INFO] 正在启动前端Vite服务...
[2025-10-23 18:15:10] [ERROR] 前端Vite服务启动失败，请检查日志: /home/chenbang/app/netease/SPlayer/vite-simple.log
[2025-10-23 18:15:10] [ERROR] 前端Vite服务重启失败
[2025-10-23 18:15:10] [WARN] ⚠️  部分服务存在问题
[2025-10-23 18:15:10] [INFO] ========== 监控周期结束 ==========\n
[2025-10-23 18:18:01] [INFO] ========== 开始服务监控 ==========
[2025-10-23 18:18:01] [INFO] 检查后端API服务状态...
[2025-10-23 18:18:01] [WARN] 后端API端口 3001 未被监听
[2025-10-23 18:18:01] [ERROR] 后端API服务异常，尝试重启...
[2025-10-23 18:18:01] [INFO] 正在启动后端API服务...
[2025-10-23 18:18:04] [ERROR] 后端API服务启动失败，请检查日志: /home/chenbang/app/netease/api-enhanced/api-3001.log
[2025-10-23 18:18:04] [ERROR] 后端API服务重启失败
[2025-10-23 18:18:04] [INFO] 检查前端Vite服务状态...
[2025-10-23 18:18:05] [WARN] 前端Vite端口 6944 未被监听
[2025-10-23 18:18:05] [ERROR] 前端Vite服务异常，尝试重启...
[2025-10-23 18:18:05] [INFO] 正在启动前端Vite服务...
[2025-10-23 18:18:10] [ERROR] 前端Vite服务启动失败，请检查日志: /home/chenbang/app/netease/SPlayer/vite-simple.log
[2025-10-23 18:18:10] [ERROR] 前端Vite服务重启失败
[2025-10-23 18:18:10] [WARN] ⚠️  部分服务存在问题
[2025-10-23 18:18:10] [INFO] ========== 监控周期结束 ==========\n
[2025-10-23 18:21:01] [INFO] ========== 开始服务监控 ==========
[2025-10-23 18:21:01] [INFO] 检查后端API服务状态...
[2025-10-23 18:21:01] [WARN] 后端API端口 3001 未被监听
[2025-10-23 18:21:01] [ERROR] 后端API服务异常，尝试重启...
[2025-10-23 18:21:01] [INFO] 正在启动后端API服务...
[2025-10-23 18:21:05] [ERROR] 后端API服务启动失败，请检查日志: /home/chenbang/app/netease/api-enhanced/api-3001.log
[2025-10-23 18:21:05] [ERROR] 后端API服务重启失败
[2025-10-23 18:21:05] [INFO] 检查前端Vite服务状态...
[2025-10-23 18:21:05] [WARN] 前端Vite端口 6944 未被监听
[2025-10-23 18:21:05] [ERROR] 前端Vite服务异常，尝试重启...
[2025-10-23 18:21:05] [INFO] 正在启动前端Vite服务...
[2025-10-23 18:21:10] [ERROR] 前端Vite服务启动失败，请检查日志: /home/chenbang/app/netease/SPlayer/vite-simple.log
[2025-10-23 18:21:10] [ERROR] 前端Vite服务重启失败
[2025-10-23 18:21:10] [WARN] ⚠️  部分服务存在问题
[2025-10-23 18:21:10] [INFO] ========== 监控周期结束 ==========\n
[2025-10-23 18:24:01] [INFO] ========== 开始服务监控 ==========
[2025-10-23 18:24:01] [INFO] 检查后端API服务状态...
[2025-10-23 18:24:02] [WARN] 后端API端口 3001 未被监听
[2025-10-23 18:24:02] [ERROR] 后端API服务异常，尝试重启...
[2025-10-23 18:24:02] [INFO] 正在启动后端API服务...
[2025-10-23 18:24:05] [ERROR] 后端API服务启动失败，请检查日志: /home/chenbang/app/netease/api-enhanced/api-3001.log
[2025-10-23 18:24:05] [ERROR] 后端API服务重启失败
[2025-10-23 18:24:05] [INFO] 检查前端Vite服务状态...
[2025-10-23 18:24:05] [WARN] 前端Vite端口 6944 未被监听
[2025-10-23 18:24:05] [ERROR] 前端Vite服务异常，尝试重启...
[2025-10-23 18:24:05] [INFO] 正在启动前端Vite服务...
[2025-10-23 18:24:10] [ERROR] 前端Vite服务启动失败，请检查日志: /home/chenbang/app/netease/SPlayer/vite-simple.log
[2025-10-23 18:24:10] [ERROR] 前端Vite服务重启失败
[2025-10-23 18:24:10] [WARN] ⚠️  部分服务存在问题
[2025-10-23 18:24:10] [INFO] ========== 监控周期结束 ==========\n
[2025-10-23 18:27:02] [INFO] ========== 开始服务监控 ==========
[2025-10-23 18:27:02] [INFO] 检查后端API服务状态...
[2025-10-23 18:27:02] [WARN] 后端API端口 3001 未被监听
[2025-10-23 18:27:02] [ERROR] 后端API服务异常，尝试重启...
[2025-10-23 18:27:02] [INFO] 正在启动后端API服务...
[2025-10-23 18:27:05] [ERROR] 后端API服务启动失败，请检查日志: /home/chenbang/app/netease/api-enhanced/api-3001.log
[2025-10-23 18:27:05] [ERROR] 后端API服务重启失败
[2025-10-23 18:27:05] [INFO] 检查前端Vite服务状态...
[2025-10-23 18:27:05] [WARN] 前端Vite端口 6944 未被监听
[2025-10-23 18:27:05] [ERROR] 前端Vite服务异常，尝试重启...
[2025-10-23 18:27:05] [INFO] 正在启动前端Vite服务...
[2025-10-23 18:27:11] [ERROR] 前端Vite服务启动失败，请检查日志: /home/chenbang/app/netease/SPlayer/vite-simple.log
[2025-10-23 18:27:11] [ERROR] 前端Vite服务重启失败
[2025-10-23 18:27:11] [WARN] ⚠️  部分服务存在问题
[2025-10-23 18:27:11] [INFO] ========== 监控周期结束 ==========\n
[2025-10-23 18:30:01] [INFO] ========== 开始服务监控 ==========
[2025-10-23 18:30:01] [INFO] 检查后端API服务状态...
[2025-10-23 18:30:01] [WARN] 后端API端口 3001 未被监听
[2025-10-23 18:30:01] [ERROR] 后端API服务异常，尝试重启...
[2025-10-23 18:30:01] [INFO] 正在启动后端API服务...
[2025-10-23 18:30:04] [ERROR] 后端API服务启动失败，请检查日志: /home/chenbang/app/netease/api-enhanced/api-3001.log
[2025-10-23 18:30:04] [ERROR] 后端API服务重启失败
[2025-10-23 18:30:04] [INFO] 检查前端Vite服务状态...
[2025-10-23 18:30:05] [WARN] 前端Vite端口 6944 未被监听
[2025-10-23 18:30:05] [ERROR] 前端Vite服务异常，尝试重启...
[2025-10-23 18:30:05] [INFO] 正在启动前端Vite服务...
[2025-10-23 18:30:10] [ERROR] 前端Vite服务启动失败，请检查日志: /home/chenbang/app/netease/SPlayer/vite-simple.log
[2025-10-23 18:30:10] [ERROR] 前端Vite服务重启失败
[2025-10-23 18:30:10] [WARN] ⚠️  部分服务存在问题
[2025-10-23 18:30:10] [INFO] ========== 监控周期结束 ==========\n
[2025-10-23 18:33:01] [INFO] ========== 开始服务监控 ==========
[2025-10-23 18:33:01] [INFO] 检查后端API服务状态...
[2025-10-23 18:33:01] [WARN] 后端API端口 3001 未被监听
[2025-10-23 18:33:01] [ERROR] 后端API服务异常，尝试重启...
[2025-10-23 18:33:01] [INFO] 正在启动后端API服务...
[2025-10-23 18:33:05] [ERROR] 后端API服务启动失败，请检查日志: /home/chenbang/app/netease/api-enhanced/api-3001.log
[2025-10-23 18:33:05] [ERROR] 后端API服务重启失败
[2025-10-23 18:33:05] [INFO] 检查前端Vite服务状态...
[2025-10-23 18:33:05] [WARN] 前端Vite端口 6944 未被监听
[2025-10-23 18:33:05] [ERROR] 前端Vite服务异常，尝试重启...
[2025-10-23 18:33:05] [INFO] 正在启动前端Vite服务...
[2025-10-23 18:33:10] [ERROR] 前端Vite服务启动失败，请检查日志: /home/chenbang/app/netease/SPlayer/vite-simple.log
[2025-10-23 18:33:10] [ERROR] 前端Vite服务重启失败
[2025-10-23 18:33:10] [WARN] ⚠️  部分服务存在问题
[2025-10-23 18:33:10] [INFO] ========== 监控周期结束 ==========\n
[2025-10-23 20:27:02] [INFO] ========== 开始服务监控 ==========
[2025-10-23 20:27:02] [INFO] 检查后端API服务状态...
[2025-10-23 20:27:02] [WARN] 后端API端口 3001 未被监听
[2025-10-23 20:27:02] [ERROR] 后端API服务异常，尝试重启...
[2025-10-23 20:27:02] [INFO] 正在启动后端API服务...
[2025-10-23 20:27:05] [INFO] 后端API服务启动成功 (PID: 6680, 端口: 3001)
[2025-10-23 20:27:08] [WARN] 后端API进程启动但端口未监听，可能需要更多时间
[2025-10-23 20:27:08] [INFO] 后端API服务重启成功
[2025-10-23 20:27:08] [INFO] 检查前端Vite服务状态...
[2025-10-23 20:27:08] [WARN] 前端Vite端口 6944 未被监听
[2025-10-23 20:27:08] [ERROR] 前端Vite服务异常，尝试重启...
[2025-10-23 20:27:08] [INFO] 正在启动前端Vite服务...
[2025-10-23 20:27:13] [INFO] 前端Vite服务启动成功 (PID: 7228, 端口: 6944)
[2025-10-23 20:27:16] [WARN] 前端Vite进程启动但端口未监听，可能需要更多时间
[2025-10-23 20:27:16] [INFO] 前端Vite服务重启成功
[2025-10-23 20:27:17] [INFO] ✅ 所有服务运行正常
[2025-10-23 20:27:17] [INFO] ========== 监控周期结束 ==========\n
[2025-10-23 20:30:01] [INFO] ========== 开始服务监控 ==========
[2025-10-23 20:30:01] [INFO] 检查后端API服务状态...
[2025-10-23 20:30:01] [WARN] 后端API端口 3001 未被监听
[2025-10-23 20:30:01] [ERROR] 后端API服务异常，尝试重启...
[2025-10-23 20:30:01] [INFO] 正在启动后端API服务...
[2025-10-23 20:30:01] [INFO] 后端API 进程不存在，无需停止
[2025-10-23 20:30:04] [ERROR] 后端API服务启动失败，请检查日志: /home/chenbang/app/netease/api-enhanced/api-3001.log
[2025-10-23 20:30:04] [ERROR] 后端API服务重启失败
[2025-10-23 20:30:04] [INFO] 检查前端Vite服务状态...
[2025-10-23 20:30:04] [WARN] 前端Vite端口 6944 未被监听
[2025-10-23 20:30:04] [ERROR] 前端Vite服务异常，尝试重启...
[2025-10-23 20:30:04] [INFO] 正在启动前端Vite服务...
[2025-10-23 20:30:04] [INFO] 前端Vite 进程不存在，无需停止
[2025-10-23 20:30:10] [ERROR] 前端Vite服务启动失败，请检查日志: /home/chenbang/app/netease/SPlayer/vite-simple.log
[2025-10-23 20:30:10] [ERROR] 前端Vite服务重启失败
[2025-10-23 20:30:10] [WARN] ⚠️  部分服务存在问题
[2025-10-23 20:30:10] [INFO] ========== 监控周期结束 ==========\n
[2025-10-23 21:18:39] [INFO] ========== 开始服务监控 ==========
[2025-10-23 21:18:40] [INFO] 检查后端API服务状态...
[2025-10-23 21:18:40] [WARN] 后端API端口 3001 未被监听
[2025-10-23 21:18:40] [ERROR] 后端API服务异常，尝试重启...
[2025-10-23 21:18:40] [INFO] 正在启动后端API服务...
[2025-10-23 21:18:43] [INFO] 后端API服务启动成功 (PID: 4423, 端口: 3001)
[2025-10-23 21:18:46] [WARN] 后端API进程启动但端口未监听，可能需要更多时间
[2025-10-23 21:18:46] [INFO] 后端API服务重启成功
[2025-10-23 21:18:46] [INFO] 检查前端Vite服务状态...
[2025-10-23 21:18:46] [WARN] 前端Vite端口 6944 未被监听
[2025-10-23 21:18:46] [ERROR] 前端Vite服务异常，尝试重启...
[2025-10-23 21:18:46] [INFO] 正在启动前端Vite服务...
[2025-10-23 21:18:51] [INFO] 前端Vite服务启动成功 (PID: 5404, 端口: 6944)
[2025-10-23 21:18:54] [WARN] 前端Vite进程启动但端口未监听，可能需要更多时间
[2025-10-23 21:18:54] [INFO] 前端Vite服务重启成功
[2025-10-23 21:18:54] [INFO] ✅ 所有服务运行正常
[2025-10-23 21:18:54] [INFO] ========== 监控周期结束 ==========\n
[2025-10-23 21:21:01] [INFO] ========== 开始服务监控 ==========
[2025-10-23 21:21:01] [INFO] 检查后端API服务状态...
[2025-10-23 21:21:02] [WARN] 后端API端口 3001 未被监听
[2025-10-23 21:21:02] [ERROR] 后端API服务异常，尝试重启...
[2025-10-23 21:21:02] [INFO] 正在启动后端API服务...
[2025-10-23 21:21:02] [INFO] 后端API 进程不存在，无需停止
[2025-10-23 21:21:05] [ERROR] 后端API服务启动失败，请检查日志: /home/chenbang/app/netease/api-enhanced/api-3001.log
[2025-10-23 21:21:05] [ERROR] 后端API服务重启失败
[2025-10-23 21:21:05] [INFO] 检查前端Vite服务状态...
[2025-10-23 21:21:05] [WARN] 前端Vite端口 6944 未被监听
[2025-10-23 21:21:05] [ERROR] 前端Vite服务异常，尝试重启...
[2025-10-23 21:21:05] [INFO] 正在启动前端Vite服务...
[2025-10-23 21:21:05] [INFO] 前端Vite 进程不存在，无需停止
[2025-10-23 21:21:11] [ERROR] 前端Vite服务启动失败，请检查日志: /home/chenbang/app/netease/SPlayer/vite-simple.log
[2025-10-23 21:21:11] [ERROR] 前端Vite服务重启失败
[2025-10-23 21:21:11] [WARN] ⚠️  部分服务存在问题
[2025-10-23 21:21:11] [INFO] ========== 监控周期结束 ==========\n
[2025-10-25 14:33:06] [INFO] ========== 开始服务监控 ==========
[2025-10-25 14:33:06] [INFO] 检查后端API服务状态...
[2025-10-25 14:33:06] [WARN] 后端API端口 3001 未被监听
[2025-10-25 14:33:06] [ERROR] 后端API服务异常，尝试重启...
[2025-10-25 14:33:06] [INFO] 正在启动后端API服务...
[2025-10-25 14:33:10] [INFO] 后端API服务启动成功 (PID: 3454, 端口: 3001)
[2025-10-25 14:33:12] [WARN] 后端API进程启动但端口未监听，可能需要更多时间
[2025-10-25 14:33:12] [INFO] 后端API服务重启成功
[2025-10-25 14:33:12] [INFO] 检查前端Vite服务状态...
[2025-10-25 14:33:12] [WARN] 前端Vite端口 6944 未被监听
[2025-10-25 14:33:12] [ERROR] 前端Vite服务异常，尝试重启...
[2025-10-25 14:33:12] [INFO] 正在启动前端Vite服务...
[2025-10-25 14:33:17] [INFO] 前端Vite服务启动成功 (PID: 3834, 端口: 6944)
[2025-10-25 14:33:21] [WARN] 前端Vite进程启动但端口未监听，可能需要更多时间
[2025-10-25 14:33:21] [INFO] 前端Vite服务重启成功
[2025-10-25 14:33:21] [INFO] ✅ 所有服务运行正常
[2025-10-25 14:33:21] [INFO] ========== 监控周期结束 ==========\n
[2025-10-25 14:36:01] [INFO] ========== 开始服务监控 ==========
[2025-10-25 14:36:01] [INFO] 检查后端API服务状态...
[2025-10-25 14:36:01] [WARN] 后端API端口 3001 未被监听
[2025-10-25 14:36:01] [ERROR] 后端API服务异常，尝试重启...
[2025-10-25 14:36:01] [INFO] 正在启动后端API服务...
[2025-10-25 14:36:01] [INFO] 后端API 进程不存在，无需停止
[2025-10-25 14:36:04] [ERROR] 后端API服务启动失败，请检查日志: /home/chenbang/app/netease/api-enhanced/api-3001.log
[2025-10-25 14:36:04] [ERROR] 后端API服务重启失败
[2025-10-25 14:36:04] [INFO] 检查前端Vite服务状态...
[2025-10-25 14:36:05] [WARN] 前端Vite端口 6944 未被监听
[2025-10-25 14:36:05] [ERROR] 前端Vite服务异常，尝试重启...
[2025-10-25 14:36:05] [INFO] 正在启动前端Vite服务...
[2025-10-25 14:36:05] [INFO] 前端Vite 进程不存在，无需停止
[2025-10-25 14:36:10] [ERROR] 前端Vite服务启动失败，请检查日志: /home/chenbang/app/netease/SPlayer/vite-simple.log
[2025-10-25 14:36:10] [ERROR] 前端Vite服务重启失败
[2025-10-25 14:36:10] [WARN] ⚠️  部分服务存在问题
[2025-10-25 14:36:10] [INFO] ========== 监控周期结束 ==========\n
[2025-10-25 14:39:01] [INFO] ========== 开始服务监控 ==========
[2025-10-25 14:39:01] [INFO] 检查后端API服务状态...
[2025-10-25 14:39:01] [WARN] 后端API端口 3001 未被监听
[2025-10-25 14:39:01] [ERROR] 后端API服务异常，尝试重启...
[2025-10-25 14:39:01] [INFO] 正在启动后端API服务...
[2025-10-25 14:39:04] [ERROR] 后端API服务启动失败，请检查日志: /home/chenbang/app/netease/api-enhanced/api-3001.log
[2025-10-25 14:39:04] [ERROR] 后端API服务重启失败
[2025-10-25 14:39:04] [INFO] 检查前端Vite服务状态...
[2025-10-25 14:39:05] [WARN] 前端Vite端口 6944 未被监听
[2025-10-25 14:39:05] [ERROR] 前端Vite服务异常，尝试重启...
[2025-10-25 14:39:05] [INFO] 正在启动前端Vite服务...
[2025-10-25 14:39:10] [ERROR] 前端Vite服务启动失败，请检查日志: /home/chenbang/app/netease/SPlayer/vite-simple.log
[2025-10-25 14:39:10] [ERROR] 前端Vite服务重启失败
[2025-10-25 14:39:10] [WARN] ⚠️  部分服务存在问题
[2025-10-25 14:39:10] [INFO] ========== 监控周期结束 ==========\n
[2025-10-25 14:42:01] [INFO] ========== 开始服务监控 ==========
[2025-10-25 14:42:01] [INFO] 检查后端API服务状态...
[2025-10-25 14:42:01] [WARN] 后端API端口 3001 未被监听
[2025-10-25 14:42:01] [ERROR] 后端API服务异常，尝试重启...
[2025-10-25 14:42:01] [INFO] 正在启动后端API服务...
[2025-10-25 14:42:05] [ERROR] 后端API服务启动失败，请检查日志: /home/chenbang/app/netease/api-enhanced/api-3001.log
[2025-10-25 14:42:05] [ERROR] 后端API服务重启失败
[2025-10-25 14:42:05] [INFO] 检查前端Vite服务状态...
[2025-10-25 14:42:05] [WARN] 前端Vite端口 6944 未被监听
[2025-10-25 14:42:05] [ERROR] 前端Vite服务异常，尝试重启...
[2025-10-25 14:42:05] [INFO] 正在启动前端Vite服务...
[2025-10-25 14:42:10] [ERROR] 前端Vite服务启动失败，请检查日志: /home/chenbang/app/netease/SPlayer/vite-simple.log
[2025-10-25 14:42:10] [ERROR] 前端Vite服务重启失败
[2025-10-25 14:42:10] [WARN] ⚠️  部分服务存在问题
[2025-10-25 14:42:10] [INFO] ========== 监控周期结束 ==========\n
[2025-10-25 14:45:01] [INFO] ========== 开始服务监控 ==========
[2025-10-25 14:45:01] [INFO] 检查后端API服务状态...
[2025-10-25 14:45:01] [WARN] 后端API端口 3001 未被监听
[2025-10-25 14:45:01] [ERROR] 后端API服务异常，尝试重启...
[2025-10-25 14:45:01] [INFO] 正在启动后端API服务...
[2025-10-25 14:45:05] [ERROR] 后端API服务启动失败，请检查日志: /home/chenbang/app/netease/api-enhanced/api-3001.log
[2025-10-25 14:45:05] [ERROR] 后端API服务重启失败
[2025-10-25 14:45:05] [INFO] 检查前端Vite服务状态...
[2025-10-25 14:45:05] [WARN] 前端Vite端口 6944 未被监听
[2025-10-25 14:45:05] [ERROR] 前端Vite服务异常，尝试重启...
[2025-10-25 14:45:05] [INFO] 正在启动前端Vite服务...
[2025-10-25 14:45:10] [ERROR] 前端Vite服务启动失败，请检查日志: /home/chenbang/app/netease/SPlayer/vite-simple.log
[2025-10-25 14:45:10] [ERROR] 前端Vite服务重启失败
[2025-10-25 14:45:10] [WARN] ⚠️  部分服务存在问题
[2025-10-25 14:45:10] [INFO] ========== 监控周期结束 ==========\n
[2025-10-25 14:48:01] [INFO] ========== 开始服务监控 ==========
[2025-10-25 14:48:01] [INFO] 检查后端API服务状态...
[2025-10-25 14:48:01] [WARN] 后端API端口 3001 未被监听
[2025-10-25 14:48:01] [ERROR] 后端API服务异常，尝试重启...
[2025-10-25 14:48:01] [INFO] 正在启动后端API服务...
[2025-10-25 14:48:05] [ERROR] 后端API服务启动失败，请检查日志: /home/chenbang/app/netease/api-enhanced/api-3001.log
[2025-10-25 14:48:05] [ERROR] 后端API服务重启失败
[2025-10-25 14:48:05] [INFO] 检查前端Vite服务状态...
[2025-10-25 14:48:05] [WARN] 前端Vite端口 6944 未被监听
[2025-10-25 14:48:05] [ERROR] 前端Vite服务异常，尝试重启...
[2025-10-25 14:48:05] [INFO] 正在启动前端Vite服务...
[2025-10-25 14:48:10] [ERROR] 前端Vite服务启动失败，请检查日志: /home/chenbang/app/netease/SPlayer/vite-simple.log
[2025-10-25 14:48:10] [ERROR] 前端Vite服务重启失败
[2025-10-25 14:48:10] [WARN] ⚠️  部分服务存在问题
[2025-10-25 14:48:10] [INFO] ========== 监控周期结束 ==========\n
[2025-10-25 14:51:01] [INFO] ========== 开始服务监控 ==========
[2025-10-25 14:51:01] [INFO] 检查后端API服务状态...
[2025-10-25 14:51:01] [WARN] 后端API端口 3001 未被监听
[2025-10-25 14:51:01] [ERROR] 后端API服务异常，尝试重启...
[2025-10-25 14:51:01] [INFO] 正在启动后端API服务...
[2025-10-25 14:51:05] [ERROR] 后端API服务启动失败，请检查日志: /home/chenbang/app/netease/api-enhanced/api-3001.log
[2025-10-25 14:51:05] [ERROR] 后端API服务重启失败
[2025-10-25 14:51:05] [INFO] 检查前端Vite服务状态...
[2025-10-25 14:51:05] [WARN] 前端Vite端口 6944 未被监听
[2025-10-25 14:51:05] [ERROR] 前端Vite服务异常，尝试重启...
[2025-10-25 14:51:05] [INFO] 正在启动前端Vite服务...
[2025-10-25 14:51:10] [ERROR] 前端Vite服务启动失败，请检查日志: /home/chenbang/app/netease/SPlayer/vite-simple.log
[2025-10-25 14:51:10] [ERROR] 前端Vite服务重启失败
[2025-10-25 14:51:10] [WARN] ⚠️  部分服务存在问题
[2025-10-25 14:51:10] [INFO] ========== 监控周期结束 ==========\n
[2025-10-25 14:54:01] [INFO] ========== 开始服务监控 ==========
[2025-10-25 14:54:01] [INFO] 检查后端API服务状态...
[2025-10-25 14:54:01] [WARN] 后端API端口 3001 未被监听
[2025-10-25 14:54:01] [ERROR] 后端API服务异常，尝试重启...
[2025-10-25 14:54:01] [INFO] 正在启动后端API服务...
[2025-10-25 14:54:05] [ERROR] 后端API服务启动失败，请检查日志: /home/chenbang/app/netease/api-enhanced/api-3001.log
[2025-10-25 14:54:05] [ERROR] 后端API服务重启失败
[2025-10-25 14:54:05] [INFO] 检查前端Vite服务状态...
[2025-10-25 14:54:05] [WARN] 前端Vite端口 6944 未被监听
[2025-10-25 14:54:05] [ERROR] 前端Vite服务异常，尝试重启...
[2025-10-25 14:54:05] [INFO] 正在启动前端Vite服务...
[2025-10-25 14:54:10] [ERROR] 前端Vite服务启动失败，请检查日志: /home/chenbang/app/netease/SPlayer/vite-simple.log
[2025-10-25 14:54:10] [ERROR] 前端Vite服务重启失败
[2025-10-25 14:54:10] [WARN] ⚠️  部分服务存在问题
[2025-10-25 14:54:10] [INFO] ========== 监控周期结束 ==========\n
[2025-10-25 14:57:01] [INFO] ========== 开始服务监控 ==========
[2025-10-25 14:57:01] [INFO] 检查后端API服务状态...
[2025-10-25 14:57:02] [WARN] 后端API端口 3001 未被监听
[2025-10-25 14:57:02] [ERROR] 后端API服务异常，尝试重启...
[2025-10-25 14:57:02] [INFO] 正在启动后端API服务...
[2025-10-25 14:57:05] [ERROR] 后端API服务启动失败，请检查日志: /home/chenbang/app/netease/api-enhanced/api-3001.log
[2025-10-25 14:57:05] [ERROR] 后端API服务重启失败
[2025-10-25 14:57:05] [INFO] 检查前端Vite服务状态...
[2025-10-25 14:57:05] [WARN] 前端Vite端口 6944 未被监听
[2025-10-25 14:57:05] [ERROR] 前端Vite服务异常，尝试重启...
[2025-10-25 14:57:05] [INFO] 正在启动前端Vite服务...
[2025-10-25 14:57:10] [ERROR] 前端Vite服务启动失败，请检查日志: /home/chenbang/app/netease/SPlayer/vite-simple.log
[2025-10-25 14:57:10] [ERROR] 前端Vite服务重启失败
[2025-10-25 14:57:10] [WARN] ⚠️  部分服务存在问题
[2025-10-25 14:57:10] [INFO] ========== 监控周期结束 ==========\n
[2025-10-25 15:00:01] [INFO] ========== 开始服务监控 ==========
[2025-10-25 15:00:01] [INFO] 检查后端API服务状态...
[2025-10-25 15:00:02] [WARN] 后端API端口 3001 未被监听
[2025-10-25 15:00:02] [ERROR] 后端API服务异常，尝试重启...
[2025-10-25 15:00:02] [INFO] 正在启动后端API服务...
[2025-10-25 15:00:05] [ERROR] 后端API服务启动失败，请检查日志: /home/chenbang/app/netease/api-enhanced/api-3001.log
[2025-10-25 15:00:05] [ERROR] 后端API服务重启失败
[2025-10-25 15:00:05] [INFO] 检查前端Vite服务状态...
[2025-10-25 15:00:05] [WARN] 前端Vite端口 6944 未被监听
[2025-10-25 15:00:05] [ERROR] 前端Vite服务异常，尝试重启...
[2025-10-25 15:00:05] [INFO] 正在启动前端Vite服务...
[2025-10-25 15:00:10] [ERROR] 前端Vite服务启动失败，请检查日志: /home/chenbang/app/netease/SPlayer/vite-simple.log
[2025-10-25 15:00:10] [ERROR] 前端Vite服务重启失败
[2025-10-25 15:00:10] [WARN] ⚠️  部分服务存在问题
[2025-10-25 15:00:10] [INFO] ========== 监控周期结束 ==========\n
[2025-10-25 15:03:01] [INFO] ========== 开始服务监控 ==========
[2025-10-25 15:03:01] [INFO] 检查后端API服务状态...
[2025-10-25 15:03:01] [WARN] 后端API端口 3001 未被监听
[2025-10-25 15:03:01] [ERROR] 后端API服务异常，尝试重启...
[2025-10-25 15:03:01] [INFO] 正在启动后端API服务...
[2025-10-25 15:03:04] [ERROR] 后端API服务启动失败，请检查日志: /home/chenbang/app/netease/api-enhanced/api-3001.log
[2025-10-25 15:03:04] [ERROR] 后端API服务重启失败
[2025-10-25 15:03:04] [INFO] 检查前端Vite服务状态...
[2025-10-25 15:03:05] [WARN] 前端Vite端口 6944 未被监听
[2025-10-25 15:03:05] [ERROR] 前端Vite服务异常，尝试重启...
[2025-10-25 15:03:05] [INFO] 正在启动前端Vite服务...
[2025-10-25 15:03:10] [ERROR] 前端Vite服务启动失败，请检查日志: /home/chenbang/app/netease/SPlayer/vite-simple.log
[2025-10-25 15:03:10] [ERROR] 前端Vite服务重启失败
[2025-10-25 15:03:10] [WARN] ⚠️  部分服务存在问题
[2025-10-25 15:03:10] [INFO] ========== 监控周期结束 ==========\n
[2025-10-25 15:06:01] [INFO] ========== 开始服务监控 ==========
[2025-10-25 15:06:01] [INFO] 检查后端API服务状态...
[2025-10-25 15:06:01] [WARN] 后端API端口 3001 未被监听
[2025-10-25 15:06:01] [ERROR] 后端API服务异常，尝试重启...
[2025-10-25 15:06:01] [INFO] 正在启动后端API服务...
[2025-10-25 15:06:04] [ERROR] 后端API服务启动失败，请检查日志: /home/chenbang/app/netease/api-enhanced/api-3001.log
[2025-10-25 15:06:04] [ERROR] 后端API服务重启失败
[2025-10-25 15:06:04] [INFO] 检查前端Vite服务状态...
[2025-10-25 15:06:05] [WARN] 前端Vite端口 6944 未被监听
[2025-10-25 15:06:05] [ERROR] 前端Vite服务异常，尝试重启...
[2025-10-25 15:06:05] [INFO] 正在启动前端Vite服务...
[2025-10-25 15:06:10] [ERROR] 前端Vite服务启动失败，请检查日志: /home/chenbang/app/netease/SPlayer/vite-simple.log
[2025-10-25 15:06:10] [ERROR] 前端Vite服务重启失败
[2025-10-25 15:06:10] [WARN] ⚠️  部分服务存在问题
[2025-10-25 15:06:10] [INFO] ========== 监控周期结束 ==========\n
[2025-10-25 15:09:01] [INFO] ========== 开始服务监控 ==========
[2025-10-25 15:09:01] [INFO] 检查后端API服务状态...
[2025-10-25 15:09:01] [WARN] 后端API端口 3001 未被监听
[2025-10-25 15:09:01] [ERROR] 后端API服务异常，尝试重启...
[2025-10-25 15:09:01] [INFO] 正在启动后端API服务...
[2025-10-25 15:09:04] [ERROR] 后端API服务启动失败，请检查日志: /home/chenbang/app/netease/api-enhanced/api-3001.log
[2025-10-25 15:09:04] [ERROR] 后端API服务重启失败
[2025-10-25 15:09:04] [INFO] 检查前端Vite服务状态...
[2025-10-25 15:09:05] [WARN] 前端Vite端口 6944 未被监听
[2025-10-25 15:09:05] [ERROR] 前端Vite服务异常，尝试重启...
[2025-10-25 15:09:05] [INFO] 正在启动前端Vite服务...
[2025-10-25 15:09:10] [ERROR] 前端Vite服务启动失败，请检查日志: /home/chenbang/app/netease/SPlayer/vite-simple.log
[2025-10-25 15:09:10] [ERROR] 前端Vite服务重启失败
[2025-10-25 15:09:10] [WARN] ⚠️  部分服务存在问题
[2025-10-25 15:09:10] [INFO] ========== 监控周期结束 ==========\n
[2025-10-25 15:12:01] [INFO] ========== 开始服务监控 ==========
[2025-10-25 15:12:01] [INFO] 检查后端API服务状态...
[2025-10-25 15:12:01] [WARN] 后端API端口 3001 未被监听
[2025-10-25 15:12:01] [ERROR] 后端API服务异常，尝试重启...
[2025-10-25 15:12:01] [INFO] 正在启动后端API服务...
[2025-10-25 15:12:04] [ERROR] 后端API服务启动失败，请检查日志: /home/chenbang/app/netease/api-enhanced/api-3001.log
[2025-10-25 15:12:04] [ERROR] 后端API服务重启失败
[2025-10-25 15:12:04] [INFO] 检查前端Vite服务状态...
[2025-10-25 15:12:05] [WARN] 前端Vite端口 6944 未被监听
[2025-10-25 15:12:05] [ERROR] 前端Vite服务异常，尝试重启...
[2025-10-25 15:12:05] [INFO] 正在启动前端Vite服务...
[2025-10-25 15:12:10] [ERROR] 前端Vite服务启动失败，请检查日志: /home/chenbang/app/netease/SPlayer/vite-simple.log
[2025-10-25 15:12:10] [ERROR] 前端Vite服务重启失败
[2025-10-25 15:12:10] [WARN] ⚠️  部分服务存在问题
[2025-10-25 15:12:10] [INFO] ========== 监控周期结束 ==========\n
[2025-10-25 15:15:01] [INFO] ========== 开始服务监控 ==========
[2025-10-25 15:15:01] [INFO] 检查后端API服务状态...
[2025-10-25 15:15:01] [WARN] 后端API端口 3001 未被监听
[2025-10-25 15:15:01] [ERROR] 后端API服务异常，尝试重启...
[2025-10-25 15:15:01] [INFO] 正在启动后端API服务...
[2025-10-25 15:15:05] [ERROR] 后端API服务启动失败，请检查日志: /home/chenbang/app/netease/api-enhanced/api-3001.log
[2025-10-25 15:15:05] [ERROR] 后端API服务重启失败
[2025-10-25 15:15:05] [INFO] 检查前端Vite服务状态...
[2025-10-25 15:15:05] [WARN] 前端Vite端口 6944 未被监听
[2025-10-25 15:15:05] [ERROR] 前端Vite服务异常，尝试重启...
[2025-10-25 15:15:05] [INFO] 正在启动前端Vite服务...
[2025-10-25 15:15:10] [ERROR] 前端Vite服务启动失败，请检查日志: /home/chenbang/app/netease/SPlayer/vite-simple.log
[2025-10-25 15:15:10] [ERROR] 前端Vite服务重启失败
[2025-10-25 15:15:10] [WARN] ⚠️  部分服务存在问题
[2025-10-25 15:15:10] [INFO] ========== 监控周期结束 ==========\n
[2025-10-25 15:18:01] [INFO] ========== 开始服务监控 ==========
[2025-10-25 15:18:01] [INFO] 检查后端API服务状态...
[2025-10-25 15:18:01] [WARN] 后端API端口 3001 未被监听
[2025-10-25 15:18:01] [ERROR] 后端API服务异常，尝试重启...
[2025-10-25 15:18:01] [INFO] 正在启动后端API服务...
[2025-10-25 15:18:05] [ERROR] 后端API服务启动失败，请检查日志: /home/chenbang/app/netease/api-enhanced/api-3001.log
[2025-10-25 15:18:05] [ERROR] 后端API服务重启失败
[2025-10-25 15:18:05] [INFO] 检查前端Vite服务状态...
[2025-10-25 15:18:05] [WARN] 前端Vite端口 6944 未被监听
[2025-10-25 15:18:05] [ERROR] 前端Vite服务异常，尝试重启...
[2025-10-25 15:18:05] [INFO] 正在启动前端Vite服务...
[2025-10-25 15:18:10] [ERROR] 前端Vite服务启动失败，请检查日志: /home/chenbang/app/netease/SPlayer/vite-simple.log
[2025-10-25 15:18:10] [ERROR] 前端Vite服务重启失败
[2025-10-25 15:18:10] [WARN] ⚠️  部分服务存在问题
[2025-10-25 15:18:10] [INFO] ========== 监控周期结束 ==========\n
[2025-10-25 15:21:01] [INFO] ========== 开始服务监控 ==========
[2025-10-25 15:21:01] [INFO] 检查后端API服务状态...
[2025-10-25 15:21:01] [WARN] 后端API端口 3001 未被监听
[2025-10-25 15:21:01] [ERROR] 后端API服务异常，尝试重启...
[2025-10-25 15:21:01] [INFO] 正在启动后端API服务...
[2025-10-25 15:21:05] [ERROR] 后端API服务启动失败，请检查日志: /home/chenbang/app/netease/api-enhanced/api-3001.log
[2025-10-25 15:21:05] [ERROR] 后端API服务重启失败
[2025-10-25 15:21:05] [INFO] 检查前端Vite服务状态...
[2025-10-25 15:21:05] [WARN] 前端Vite端口 6944 未被监听
[2025-10-25 15:21:05] [ERROR] 前端Vite服务异常，尝试重启...
[2025-10-25 15:21:05] [INFO] 正在启动前端Vite服务...
[2025-10-25 15:21:05] [ERROR] 无法进入前端目录: /home/chenbang/app/netease/SPlayer
[2025-10-25 15:21:05] [ERROR] 前端Vite服务重启失败
[2025-10-25 15:21:05] [WARN] ⚠️  部分服务存在问题
[2025-10-25 15:21:05] [INFO] ========== 监控周期结束 ==========\n
[2025-10-25 15:24:01] [INFO] ========== 开始服务监控 ==========
[2025-10-25 15:24:01] [INFO] 检查后端API服务状态...
[2025-10-25 15:24:01] [WARN] 后端API端口 3001 未被监听
[2025-10-25 15:24:01] [ERROR] 后端API服务异常，尝试重启...
[2025-10-25 15:24:01] [INFO] 正在启动后端API服务...
[2025-10-25 15:24:05] [ERROR] 后端API服务启动失败，请检查日志: /home/chenbang/app/netease/api-enhanced/api-3001.log
[2025-10-25 15:24:05] [ERROR] 后端API服务重启失败
[2025-10-25 15:24:05] [INFO] 检查前端Vite服务状态...
[2025-10-25 15:24:05] [WARN] 前端Vite端口 6944 未被监听
[2025-10-25 15:24:05] [ERROR] 前端Vite服务异常，尝试重启...
[2025-10-25 15:24:05] [INFO] 正在启动前端Vite服务...
[2025-10-25 15:24:10] [ERROR] 前端Vite服务启动失败，请检查日志: /home/chenbang/app/netease/SPlayer/vite-simple.log
[2025-10-25 15:24:10] [ERROR] 前端Vite服务重启失败
[2025-10-25 15:24:10] [WARN] ⚠️  部分服务存在问题
[2025-10-25 15:24:10] [INFO] ========== 监控周期结束 ==========\n
